<?xml version="1.0" encoding="UTF-8"?>
<!-- Generated by org.testng.reporters.JUnitXMLReporter -->
<testsuite ignored="0" hostname="DESKTOP-LVJ2S0C" failures="0" tests="4" name="Test" time="53.561" errors="0" timestamp="2023-12-05T11:48:23 IST">
  <testcase classname="TestCases.Register_TestCases" name="VerifyRegistrationWithBlankData" time="4.857"/>
  <testcase classname="TestCases.Register_TestCases" name="VerifyRegistrationWithvalidData" time="3.073"/>
  <testcase classname="TestCases.Login_TestCases" name="InValidLoginTest" time="1.804"/>
  <testcase classname="TestCases.Login_TestCases" name="ValidLoginTest" time="1.583"/>
</testsuite> <!-- Test -->
